<?xml version="1.0" encoding="UTF-8"?>
<testng-results ignored="0" total="1" passed="1" failed="0" skipped="0">
  <reporter-output>
  </reporter-output>
  <suite started-at="2023-12-26T17:49:48 IST" name="Default suite" finished-at="2023-12-26T17:49:54 IST" duration-ms="6336">
    <groups>
    </groups>
    <test started-at="2023-12-26T17:49:48 IST" name="Default test" finished-at="2023-12-26T17:49:54 IST" duration-ms="6336">
      <class name="Testscripts.Report">
        <test-method signature="reportTest()[pri:0, instance:Testscripts.Report@306f16f3]" started-at="2023-12-26T17:49:48 IST" name="reportTest" finished-at="2023-12-26T17:49:54 IST" duration-ms="6287" status="PASS">
          <reporter-output>
          </reporter-output>
        </test-method> <!-- reportTest -->
      </class> <!-- Testscripts.Report -->
    </test> <!-- Default test -->
  </suite> <!-- Default suite -->
</testng-results>
